<?xml version="1.0" encoding="UTF-8"?>
<testng-results skipped="0" failed="0" ignored="0" total="1" passed="1">
  <reporter-output>
  </reporter-output>
  <suite name="Default suite" duration-ms="936" started-at="2018-06-25T12:56:29Z" finished-at="2018-06-25T12:56:30Z">
    <groups>
    </groups>
    <test name="Default test" duration-ms="936" started-at="2018-06-25T12:56:29Z" finished-at="2018-06-25T12:56:30Z">
      <class name="restAssrd.RestAssuredJSON3GET">
        <test-method status="PASS" signature="getSimple()[pri:0, instance:restAssrd.RestAssuredJSON3GET@457e2f02]" name="getSimple" duration-ms="888" started-at="2018-06-25T12:56:29Z" finished-at="2018-06-25T12:56:30Z">
          <reporter-output>
          </reporter-output>
        </test-method> <!-- getSimple -->
      </class> <!-- restAssrd.RestAssuredJSON3GET -->
    </test> <!-- Default test -->
  </suite> <!-- Default suite -->
</testng-results>
